<?xml version="1.0" encoding="UTF-8"?>
<testsuite xmlns:xsi="http://www.w3.org/2001/XMLSchema-instance" xsi:noNamespaceSchemaLocation="https://maven.apache.org/surefire/maven-surefire-plugin/xsd/surefire-test-report.xsd" name="com.vandana.crud.StudentUnitTest" time="0" tests="7" errors="0" skipped="0" failures="0">
  <properties>
[...]
</properties>
  <testcase name="whenCalledGetName_thenCorrect" classname="com.vandana.crud.StudentUnitTest" time="0"/>
  <testcase name="whenCalledGetUniversity_thenCorrect" classname="com.vandana.crud.StudentUnitTest" time="0"/>
  <testcase name="whenCalledGetGpa_thenCorrect" classname="com.vandana.crud.StudentUnitTest" time="0"/>
  <testcase name="whenCalledSetUniversity_thenCorrect" classname="com.vandana.crud.StudentUnitTest" time="0"/>
  <testcase name="whenCalledSetGpa_thenCorrect" classname="com.vandana.crud.StudentUnitTest" time="0"/>
  <testcase name="whenCalledtoString_thenCorrect" classname="com.vandana.crud.StudentUnitTest" time="0"/>
  <testcase name="whenCalledSetName_thenCorrect" classname="com.vandana.crud.StudentUnitTest" time="0"/>
</testsuite>